2024-07-15 13:25:02,040 INFO Watching for file changes with StatReloader
2024-07-15 13:25:16,423 INFO Running external script webjsondatagetter.py
2024-07-15 13:25:42,830 INFO "GET /login/ HTTP/1.1" 200 1445
2024-07-15 13:25:42,890 WARNING Not Found: /favicon.ico
2024-07-15 13:25:42,891 WARNING "GET /favicon.ico HTTP/1.1" 404 3703
2024-07-15 13:25:48,435 INFO Running external script webjsondatagetter.py
2024-07-15 13:26:42,999 INFO Running external script webjsondatagetter.py
2024-07-15 13:26:58,558 INFO External script execution completed successfully
2024-07-15 13:26:58,559 INFO Script output: 
2024-07-15 13:26:58,559 INFO Loading signals from config file
2024-07-15 13:26:58,578 INFO Signals loaded successfully
2024-07-15 13:26:58,605 INFO Updating outputs with received bits: 0000000000000000
2024-07-15 13:26:58,607 INFO "POST /login/ HTTP/1.1" 302 0
2024-07-15 13:26:58,629 INFO Updated signal ProgAck0 to state 0
2024-07-15 13:26:58,634 INFO Updated signal ProgAck1 to state 0
2024-07-15 13:26:58,641 INFO Updated signal ProgAck2 to state 0
2024-07-15 13:26:58,647 INFO Updated signal ProgAck3 to state 0
2024-07-15 13:26:58,652 INFO Updated signal ProgAck4 to state 0
2024-07-15 13:26:58,656 INFO Updated signal ProgAck5 to state 0
2024-07-15 13:26:58,656 INFO Updated signal ProgAck6 to state 0
2024-07-15 13:26:58,656 INFO Updated signal ProgAck7 to state 0
2024-07-15 13:26:58,673 INFO Updated signal Rdy to state 0
2024-07-15 13:26:58,674 INFO Updated signal NF to state 0
2024-07-15 13:26:58,674 INFO Updated signal CyCmp to state 0
2024-07-15 13:26:58,689 INFO Updated signal Ok to state 0
2024-07-15 13:26:58,693 INFO "GET /home/ HTTP/1.1" 200 23828
2024-07-15 13:26:58,701 INFO Updated signal InCy to state 0
2024-07-15 13:26:58,707 INFO Updated signal  to state 0
2024-07-15 13:26:58,714 INFO Updated signal EnAck to state 0
2024-07-15 13:26:58,723 INFO Updated signal  to state 0
2024-07-15 13:26:59,528 INFO Updating outputs with received bits: 0000111100000000
2024-07-15 13:26:59,534 INFO Updated signal ProgAck0 to state 0
2024-07-15 13:26:59,550 INFO Updated signal ProgAck1 to state 0
2024-07-15 13:26:59,550 INFO Updated signal ProgAck2 to state 0
2024-07-15 13:26:59,565 INFO Updated signal ProgAck3 to state 0
2024-07-15 13:26:59,565 INFO Updated signal ProgAck4 to state 0
2024-07-15 13:26:59,565 INFO Updated signal ProgAck5 to state 0
2024-07-15 13:26:59,581 INFO Updated signal ProgAck6 to state 0
2024-07-15 13:26:59,581 INFO Updated signal ProgAck7 to state 0
2024-07-15 13:26:59,588 INFO Updated signal Rdy to state 1
2024-07-15 13:26:59,597 INFO Updated signal NF to state 1
2024-07-15 13:26:59,597 INFO Updated signal CyCmp to state 1
2024-07-15 13:26:59,606 INFO Updated signal Ok to state 1
2024-07-15 13:26:59,613 INFO Updated signal InCy to state 0
2024-07-15 13:26:59,613 INFO Updated signal  to state 0
2024-07-15 13:26:59,629 INFO Updated signal EnAck to state 0
2024-07-15 13:26:59,629 INFO Updated signal  to state 0
2024-07-15 13:27:00,720 INFO "GET /check_tool_connection/ HTTP/1.1" 200 19
2024-07-15 13:27:02,717 INFO "GET /check_tool_connection/ HTTP/1.1" 200 19
2024-07-15 13:27:04,722 INFO "GET /check_tool_connection/ HTTP/1.1" 200 19
2024-07-15 13:27:06,726 INFO "GET /check_tool_connection/ HTTP/1.1" 200 19
2024-07-15 13:27:08,754 INFO "POST /home/ HTTP/1.1" 302 0
2024-07-15 13:27:08,756 INFO "GET /check_tool_connection/ HTTP/1.1" 200 19
2024-07-15 13:27:08,766 INFO "GET /home/ HTTP/1.1" 200 23836
2024-07-15 13:27:08,875 INFO Updating outputs with received bits: 0100111100000010
2024-07-15 13:27:08,883 INFO Updated signal ProgAck0 to state 0
2024-07-15 13:27:08,888 INFO Updated signal ProgAck1 to state 1
2024-07-15 13:27:08,890 INFO Updated signal ProgAck2 to state 0
2024-07-15 13:27:08,899 INFO Updated signal ProgAck3 to state 0
2024-07-15 13:27:08,905 INFO Updated signal ProgAck4 to state 0
2024-07-15 13:27:08,911 INFO Updated signal ProgAck5 to state 0
2024-07-15 13:27:08,917 INFO Updated signal ProgAck6 to state 0
2024-07-15 13:27:08,922 INFO Updated signal ProgAck7 to state 0
2024-07-15 13:27:08,927 INFO Updated signal Rdy to state 1
2024-07-15 13:27:08,932 INFO Updated signal NF to state 1
2024-07-15 13:27:08,938 INFO Updated signal CyCmp to state 1
2024-07-15 13:27:08,944 INFO Updated signal Ok to state 1
2024-07-15 13:27:08,949 INFO Updated signal InCy to state 0
2024-07-15 13:27:08,950 INFO Updated signal  to state 0
2024-07-15 13:27:08,959 INFO Updated signal EnAck to state 1
2024-07-15 13:27:08,964 INFO Updated signal  to state 0
2024-07-15 13:27:10,776 INFO "GET /check_tool_connection/ HTTP/1.1" 200 19
2024-07-15 13:27:12,792 INFO "GET /check_tool_connection/ HTTP/1.1" 200 19
2024-07-15 13:27:14,039 INFO Force stop executed, all signals set to 0 and continuous tests stopped
2024-07-15 13:27:14,042 INFO "POST /force_stop/ HTTP/1.1" 200 17
2024-07-15 13:27:14,189 INFO Updating outputs with received bits: 0000111100000000
2024-07-15 13:27:14,192 INFO Updated signal ProgAck0 to state 0
2024-07-15 13:27:14,206 INFO Updated signal ProgAck1 to state 0
2024-07-15 13:27:14,206 INFO Updated signal ProgAck2 to state 0
2024-07-15 13:27:14,206 INFO Updated signal ProgAck3 to state 0
2024-07-15 13:27:14,222 INFO Updated signal ProgAck4 to state 0
2024-07-15 13:27:14,222 INFO Updated signal ProgAck5 to state 0
2024-07-15 13:27:14,222 INFO Updated signal ProgAck6 to state 0
2024-07-15 13:27:14,239 INFO Updated signal ProgAck7 to state 0
2024-07-15 13:27:14,245 INFO Updated signal Rdy to state 1
2024-07-15 13:27:14,245 INFO Updated signal NF to state 1
2024-07-15 13:27:14,255 INFO Updated signal CyCmp to state 1
2024-07-15 13:27:14,261 INFO Updated signal Ok to state 1
2024-07-15 13:27:14,267 INFO Updated signal InCy to state 0
2024-07-15 13:27:14,272 INFO Updated signal  to state 0
2024-07-15 13:27:14,277 INFO Updated signal EnAck to state 0
2024-07-15 13:27:14,282 INFO Updated signal  to state 0
2024-07-15 13:27:16,555 INFO "GET /check_tool_connection/ HTTP/1.1" 200 19
2024-07-15 13:27:16,782 INFO "GET /check_tool_connection/ HTTP/1.1" 200 19
2024-07-15 13:27:18,782 INFO "GET /check_tool_connection/ HTTP/1.1" 200 19
2024-07-15 13:27:20,776 INFO "GET /check_tool_connection/ HTTP/1.1" 200 19
2024-07-15 13:27:21,115 INFO "POST /home/ HTTP/1.1" 302 0
2024-07-15 13:27:21,130 INFO "GET /home/ HTTP/1.1" 200 23836
2024-07-15 13:27:21,314 INFO Updating outputs with received bits: 0100111100000010
2024-07-15 13:27:21,318 INFO Updated signal ProgAck0 to state 0
2024-07-15 13:27:21,334 INFO Updated signal ProgAck1 to state 1
2024-07-15 13:27:21,334 INFO Updated signal ProgAck2 to state 0
2024-07-15 13:27:21,347 INFO Updated signal ProgAck3 to state 0
2024-07-15 13:27:21,350 INFO Updated signal ProgAck4 to state 0
2024-07-15 13:27:21,350 INFO Updated signal ProgAck5 to state 0
2024-07-15 13:27:21,350 INFO Updated signal ProgAck6 to state 0
2024-07-15 13:27:21,366 INFO Updated signal ProgAck7 to state 0
2024-07-15 13:27:21,366 INFO Updated signal Rdy to state 1
2024-07-15 13:27:21,366 INFO Updated signal NF to state 1
2024-07-15 13:27:21,382 INFO Updated signal CyCmp to state 1
2024-07-15 13:27:21,382 INFO Updated signal Ok to state 1
2024-07-15 13:27:21,382 INFO Updated signal InCy to state 0
2024-07-15 13:27:21,400 INFO Updated signal  to state 0
2024-07-15 13:27:21,410 INFO Updated signal EnAck to state 1
2024-07-15 13:27:21,415 INFO Updated signal  to state 0
2024-07-15 13:27:23,445 INFO "GET /check_tool_connection/ HTTP/1.1" 200 19
2024-07-15 13:27:24,270 ERROR "POST /logout/ HTTP/1.1" 500 59
2024-07-15 13:27:25,140 INFO "GET /check_tool_connection/ HTTP/1.1" 200 19
2024-07-15 13:27:27,148 INFO "GET /check_tool_connection/ HTTP/1.1" 200 19
2024-07-15 14:05:00,729 INFO Watching for file changes with StatReloader
2024-07-15 14:05:07,136 INFO "GET / HTTP/1.1" 200 1445
2024-07-15 14:05:07,224 WARNING Not Found: /favicon.ico
2024-07-15 14:05:07,224 INFO - Broken pipe from ('127.0.0.1', 54235)
2024-07-15 14:05:12,908 INFO Running external script webjsondatagetter.py
2024-07-15 14:05:29,881 INFO External script execution completed successfully
2024-07-15 14:05:29,881 INFO Script output: 
2024-07-15 14:05:29,881 INFO Loading signals from config file
2024-07-15 14:05:29,900 INFO Signals loaded successfully
2024-07-15 14:05:29,926 INFO Updating outputs with received bits: 0000000000000000
2024-07-15 14:05:29,932 INFO "POST /login/ HTTP/1.1" 302 0
2024-07-15 14:05:29,952 INFO "GET /home/ HTTP/1.1" 200 11748
2024-07-15 14:05:29,981 WARNING Not Found: /home/static/styles.css
2024-07-15 14:05:29,983 WARNING Not Found: /home/static/scripts.js
2024-07-15 14:05:29,983 INFO Updated signal ProgAck0 to state 0
2024-07-15 14:05:29,983 WARNING "GET /home/static/styles.css HTTP/1.1" 404 3736
2024-07-15 14:05:29,983 WARNING "GET /home/static/scripts.js HTTP/1.1" 404 3736
2024-07-15 14:05:29,991 INFO Updated signal ProgAck1 to state 0
2024-07-15 14:05:29,998 INFO Updated signal ProgAck2 to state 0
2024-07-15 14:05:30,003 INFO Updated signal ProgAck3 to state 0
2024-07-15 14:05:30,008 INFO Updated signal ProgAck4 to state 0
2024-07-15 14:05:30,015 INFO Updated signal ProgAck5 to state 0
2024-07-15 14:05:30,020 INFO Updated signal ProgAck6 to state 0
2024-07-15 14:05:30,026 INFO Updated signal ProgAck7 to state 0
2024-07-15 14:05:30,032 INFO Updated signal Rdy to state 0
2024-07-15 14:05:30,038 INFO Updated signal NF to state 0
2024-07-15 14:05:30,043 INFO Updated signal CyCmp to state 0
2024-07-15 14:05:30,048 INFO Updated signal Ok to state 0
2024-07-15 14:05:30,054 INFO Updated signal InCy to state 0
2024-07-15 14:05:30,057 INFO Updated signal  to state 0
2024-07-15 14:05:30,065 INFO Updated signal EnAck to state 0
2024-07-15 14:05:30,065 INFO Updated signal  to state 0
2024-07-15 14:05:33,085 INFO Updating outputs with received bits: 0000111100000000
2024-07-15 14:05:33,088 INFO Updated signal ProgAck0 to state 0
2024-07-15 14:05:33,103 INFO Updated signal ProgAck1 to state 0
2024-07-15 14:05:33,108 INFO Updated signal ProgAck2 to state 0
2024-07-15 14:05:33,113 INFO Updated signal ProgAck3 to state 0
2024-07-15 14:05:33,118 INFO Updated signal ProgAck4 to state 0
2024-07-15 14:05:33,122 INFO Updated signal ProgAck5 to state 0
2024-07-15 14:05:33,127 INFO Updated signal ProgAck6 to state 0
2024-07-15 14:05:33,132 INFO Updated signal ProgAck7 to state 0
2024-07-15 14:05:33,139 INFO Updated signal Rdy to state 1
2024-07-15 14:05:33,145 INFO Updated signal NF to state 1
2024-07-15 14:05:33,146 INFO Updated signal CyCmp to state 1
2024-07-15 14:05:33,156 INFO Updated signal Ok to state 1
2024-07-15 14:05:33,161 INFO Updated signal InCy to state 0
2024-07-15 14:05:33,166 INFO Updated signal  to state 0
2024-07-15 14:05:33,170 INFO Updated signal EnAck to state 0
2024-07-15 14:05:33,177 INFO Updated signal  to state 0
